<?xml version="1.0" encoding="UTF-8"?>
<!-- Generated by org.testng.reporters.JUnitReportReporter -->
<testsuite hostname="DESKTOP-QGMO3TS" failures="0" tests="22" name="testCases.CRM_UsersTest" time="90.510" errors="0" timestamp="2025-07-02T19:17:35 IST" skipped="6">
  <testcase classname="testCases.CRM_UsersTest" name="verifyPageIsCRM_UsersPage" time="1.391"/>
  <system-out/>
  <testcase classname="testCases.CRM_UsersTest" name="verifyNullUserName" time="1.649"/>
  <system-out/>
  <testcase classname="testCases.CRM_UsersTest" name="verifyNullMobileNumber" time="1.796"/>
  <system-out/>
  <testcase classname="testCases.CRM_UsersTest" name="verifyNullHandle" time="2.006"/>
  <system-out/>
  <testcase classname="testCases.CRM_UsersTest" name="verifyNullEmail" time="2.420"/>
  <system-out/>
  <testcase classname="testCases.CRM_UsersTest" name="verifyNullDepartment" time="2.588"/>
  <system-out/>
  <testcase classname="testCases.CRM_UsersTest" name="verifyNewUserCreationWithDuplicateHandle" time="14.784"/>
  <system-out/>
  <testcase classname="testCases.CRM_UsersTest" name="verifyNewUserCreationWithDuplicateEmail" time="17.562"/>
  <system-out/>
  <testcase classname="testCases.CRM_UsersTest" name="verifyTotalUserCountOnPagination" time="7.844"/>
  <system-out/>
  <testcase classname="testCases.CRM_UsersTest" name="verifySearchByUserName" time="3.155"/>
  <system-out/>
  <testcase classname="testCases.CRM_UsersTest" name="verifyNullConditionValueInFilter" time="3.748"/>
  <system-out/>
  <testcase classname="testCases.CRM_UsersTest" name="verifyFilterBy_Name_Contains" time="6.112"/>
  <system-out/>
  <testcase classname="testCases.CRM_UsersTest" name="verifyFilterBy_Name_DoesNotContains" time="6.381"/>
  <system-out/>
  <testcase classname="testCases.CRM_UsersTest" name="verifyFilterBy_Email_IsEqual" time="6.348"/>
  <system-out/>
  <testcase classname="testCases.CRM_UsersTest" name="verifyFilterBy_Email_IsNotEqual" time="6.465"/>
  <system-out/>
  <testcase classname="testCases.CRM_UsersTest" name="verifyFilterBy_Mobile_EndsWith" time="6.261"/>
  <system-out/>
  <testcase classname="testCases.CRM_UsersTest" name="verifyNewUserCreationWithValidData">
    <skipped/>
  </testcase> <!-- verifyNewUserCreationWithValidData -->
  <system-out/>
  <testcase classname="testCases.CRM_UsersTest" name="verifyDeleteSpecificUser">
    <skipped/>
  </testcase> <!-- verifyDeleteSpecificUser -->
  <system-out/>
  <testcase classname="testCases.CRM_UsersTest" name="verifyUploadBulkUserFile">
    <skipped/>
  </testcase> <!-- verifyUploadBulkUserFile -->
  <system-out/>
  <testcase classname="testCases.CRM_UsersTest" name="verifyEditUserbyUpdatingName">
    <skipped/>
  </testcase> <!-- verifyEditUserbyUpdatingName -->
  <system-out/>
  <testcase classname="testCases.CRM_UsersTest" name="verifyFilterBy_Mobile_StartsWith">
    <skipped/>
  </testcase> <!-- verifyFilterBy_Mobile_StartsWith -->
  <system-out/>
  <testcase classname="testCases.CRM_UsersTest" name="verifyDownloadSampleCSV">
    <skipped/>
  </testcase> <!-- verifyDownloadSampleCSV -->
  <system-out/>
</testsuite> <!-- testCases.CRM_UsersTest -->
