<?xml version="1.0" encoding="UTF-8"?>
<!-- Generated by org.testng.reporters.JUnitReportReporter -->
<testsuite hostname="DESKTOP-QGMO3TS" failures="0" tests="9" name="testCases.WorkflowTest" time="132.329" errors="0" timestamp="2025-07-11T16:21:25 IST" skipped="0">
  <testcase classname="testCases.WorkflowTest" name="verifyPageIsMyWorkflowPage" time="7.353"/>
  <system-out/>
  <testcase classname="testCases.WorkflowTest" name="verifyNullChatBotName" time="1.262"/>
  <system-out/>
  <testcase classname="testCases.WorkflowTest" name="verifyNullDepartmentId" time="1.453"/>
  <system-out/>
  <testcase classname="testCases.WorkflowTest" name="verifyNullProductType" time="11.750"/>
  <system-out/>
  <testcase classname="testCases.WorkflowTest" name="verifyNewWorkflowCreation" time="35.680"/>
  <system-out/>
  <testcase classname="testCases.WorkflowTest" name="verifyDuplicateWorkflowCreation" time="35.558"/>
  <system-out/>
  <testcase classname="testCases.WorkflowTest" name="verifyResumeWorkflowWithoutNode" time="12.625"/>
  <system-out/>
  <testcase classname="testCases.WorkflowTest" name="verifyEditWorkflowOnlyName" time="13.719"/>
  <system-out/>
  <testcase classname="testCases.WorkflowTest" name="verifyDeleteWorkflowByName" time="12.929"/>
  <system-out/>
</testsuite> <!-- testCases.WorkflowTest -->
