<?xml version="1.0" encoding="UTF-8"?>
<!-- Generated by org.testng.reporters.JUnitReportReporter -->
<testsuite hostname="DESKTOP-QGMO3TS" failures="0" tests="9" name="testCases.WorkflowTest" time="82.541" errors="0" timestamp="2025-06-17T17:04:29 IST" skipped="0">
  <testcase classname="testCases.WorkflowTest" name="verifyMyWorkflowsPage" time="15.603"/>
  <system-out/>
  <testcase classname="testCases.WorkflowTest" name="verifyNullChatBotName" time="1.123"/>
  <system-out/>
  <testcase classname="testCases.WorkflowTest" name="verifyNullDepartmentId" time="1.332"/>
  <system-out/>
  <testcase classname="testCases.WorkflowTest" name="verifyNullProductType" time="12.125"/>
  <system-out/>
  <testcase classname="testCases.WorkflowTest" name="verifyNewWorkflowCreation" time="23.804"/>
  <system-out/>
  <testcase classname="testCases.WorkflowTest" name="verifyDuplicateWorkflowCreation" time="23.670"/>
  <system-out/>
  <testcase classname="testCases.WorkflowTest" name="verifyResumeWorkflowWithoutNode" time="1.133"/>
  <system-out/>
  <testcase classname="testCases.WorkflowTest" name="verifyEditWorkflowOnlyName" time="1.546"/>
  <system-out/>
  <testcase classname="testCases.WorkflowTest" name="verifyDeleteWorkflowByName" time="2.205"/>
  <system-out/>
</testsuite> <!-- testCases.WorkflowTest -->
