<?xml version="1.0" encoding="UTF-8"?>
<!-- Generated by org.testng.reporters.JUnitReportReporter -->
<testsuite hostname="DESKTOP-QGMO3TS" failures="0" tests="4" name="testCases.LoginTest" time="7.720" errors="0" timestamp="2025-07-09T21:56:12 IST" skipped="0">
  <testcase classname="testCases.LoginTest" name="verifyIncorrectCredLogin" time="2.633"/>
  <system-out/>
  <testcase classname="testCases.LoginTest" name="verifyBlankEmailLogin" time="0.788"/>
  <system-out/>
  <testcase classname="testCases.LoginTest" name="verifyBlankPasswordLogin" time="1.557"/>
  <system-out/>
  <testcase classname="testCases.LoginTest" name="verifyCorrectCredLogin" time="2.742"/>
  <system-out/>
</testsuite> <!-- testCases.LoginTest -->
