<?xml version="1.0" encoding="UTF-8"?>
<!-- Generated by org.testng.reporters.JUnitReportReporter -->
<testsuite hostname="DESKTOP-QGMO3TS" failures="0" tests="2" name="testCases.HomeTest" time="3.358" errors="0" timestamp="2025-07-11T16:21:25 IST" skipped="0">
  <testcase classname="testCases.HomeTest" name="verifyHomeCardsVisibility" time="0.163"/>
  <system-out/>
  <testcase classname="testCases.HomeTest" name="verifyBrokenLinksOfHomePage" time="3.195"/>
  <system-out/>
</testsuite> <!-- testCases.HomeTest -->
