<?xml version="1.0" encoding="UTF-8"?>
<!-- Generated by org.testng.reporters.JUnitReportReporter -->
<testsuite hostname="DESKTOP-QGMO3TS" failures="0" tests="2" name="testCases.HomeTest" time="8.164" errors="0" timestamp="2025-07-09T14:54:33 IST" skipped="0">
  <testcase classname="testCases.HomeTest" name="verifyHomeCardsVisibility" time="0.283"/>
  <system-out/>
  <testcase classname="testCases.HomeTest" name="verifyBrokenLinksOfHomePage" time="7.881"/>
  <system-out/>
</testsuite> <!-- testCases.HomeTest -->
