<?xml version="1.0" encoding="UTF-8"?>
<!-- Generated by org.testng.reporters.JUnitReportReporter -->
<testsuite hostname="DESKTOP-QGMO3TS" failures="0" tests="13" name="testCases.AgentsTest" time="26.600" errors="0" timestamp="2025-06-26T12:50:37 IST" skipped="2">
  <testcase classname="testCases.AgentsTest" name="verifyPageIsAgentsPage" time="0.736"/>
  <system-out/>
  <testcase classname="testCases.AgentsTest" name="verifyNullAgentName" time="2.408"/>
  <system-out/>
  <testcase classname="testCases.AgentsTest" name="verifyNullDepartmentName" time="2.147"/>
  <system-out/>
  <testcase classname="testCases.AgentsTest" name="verifyNullAgentEmail" time="2.341"/>
  <system-out/>
  <testcase classname="testCases.AgentsTest" name="verifyNullAgentMobileNumber" time="2.844"/>
  <system-out/>
  <testcase classname="testCases.AgentsTest" name="verifyNullPassword" time="3.306"/>
  <system-out/>
  <testcase classname="testCases.AgentsTest" name="verifyNullConfirmPassword" time="2.748"/>
  <system-out/>
  <testcase classname="testCases.AgentsTest" name="verifySearchByUserName" time="1.190"/>
  <system-out/>
  <testcase classname="testCases.AgentsTest" name="verifyTotalAgentCountOnPagination" time="5.000"/>
  <system-out/>
  <testcase classname="testCases.AgentsTest" name="verifyEditAgentbyUpdatingName" time="1.894"/>
  <system-out/>
  <testcase classname="testCases.AgentsTest" name="verifyDeleteSpecificAgent" time="1.986"/>
  <system-out/>
  <testcase classname="testCases.AgentsTest" name="verifyNewAgentCreationWithValidData">
    <skipped/>
  </testcase> <!-- verifyNewAgentCreationWithValidData -->
  <system-out/>
  <testcase classname="testCases.AgentsTest" name="verifyDuplicateAgentCreationWithSameEmail">
    <skipped/>
  </testcase> <!-- verifyDuplicateAgentCreationWithSameEmail -->
  <system-out/>
</testsuite> <!-- testCases.AgentsTest -->
