<?xml version="1.0" encoding="UTF-8"?>
<!-- Generated by org.testng.reporters.JUnitReportReporter -->
<testsuite hostname="DESKTOP-QGMO3TS" failures="0" tests="8" name="testCases.CRM_GroupsTest" time="58.085" errors="0" timestamp="2025-07-11T16:21:25 IST" skipped="0">
  <testcase classname="testCases.CRM_GroupsTest" name="verifyPageIsCRM_UsersPage" time="2.333"/>
  <system-out/>
  <testcase classname="testCases.CRM_GroupsTest" name="verifyTotalGroupCountOnPagination" time="5.942"/>
  <system-out/>
  <testcase classname="testCases.CRM_GroupsTest" name="verifyNullGroupName" time="3.251"/>
  <system-out/>
  <testcase classname="testCases.CRM_GroupsTest" name="verifyGroupNameCreationWithValidDate" time="15.181"/>
  <system-out/>
  <testcase classname="testCases.CRM_GroupsTest" name="verifySearchByGroupName" time="3.604"/>
  <system-out/>
  <testcase classname="testCases.CRM_GroupsTest" name="verifyFilterBy_Name_IsEquals" time="6.704"/>
  <system-out/>
  <testcase classname="testCases.CRM_GroupsTest" name="verifyFilterBy_CompanyWebsite_IsEquals" time="6.686"/>
  <system-out/>
  <testcase classname="testCases.CRM_GroupsTest" name="verifyDeleteGroupOfUpdatedName" time="14.384"/>
  <system-out/>
</testsuite> <!-- testCases.CRM_GroupsTest -->
