<?xml version="1.0" encoding="UTF-8"?>
<!-- Generated by org.testng.reporters.JUnitReportReporter -->
<testsuite hostname="DESKTOP-QGMO3TS" failures="0" tests="1" name="testCases.CRMTest" time="1.560" errors="0" timestamp="2025-06-25T15:36:52 IST" skipped="0">
  <testcase classname="testCases.CRMTest" name="verifyPageIsCRMPage" time="1.560"/>
  <system-out/>
</testsuite> <!-- testCases.CRMTest -->
