<?xml version="1.0" encoding="UTF-8"?>
<!-- Generated by org.testng.reporters.JUnitReportReporter -->
<testsuite hostname="DESKTOP-QGMO3TS" failures="0" tests="5" name="testCases.DepartmentsTest" time="12.257" errors="0" timestamp="2025-07-11T16:21:25 IST" skipped="0">
  <testcase classname="testCases.DepartmentsTest" name="verifyPageIsDepartmentsPage" time="0.397"/>
  <system-out/>
  <testcase classname="testCases.DepartmentsTest" name="verifyBrokenLinkOfDepartmentsPage" time="5.335"/>
  <system-out/>
  <testcase classname="testCases.DepartmentsTest" name="verifyNullDepartmentName" time="2.189"/>
  <system-out/>
  <testcase classname="testCases.DepartmentsTest" name="verifyNullDepartmentDescription" time="3.114"/>
  <system-out/>
  <testcase classname="testCases.DepartmentsTest" name="verifySearchByDepartmentName" time="1.222"/>
  <system-out/>
</testsuite> <!-- testCases.DepartmentsTest -->
