<?xml version="1.0" encoding="UTF-8"?>
<!-- Generated by org.testng.reporters.JUnitReportReporter -->
<testsuite hostname="DESKTOP-QGMO3TS" failures="0" tests="10" name="testCases.AgentsTest" time="15.361" errors="0" timestamp="2025-06-24T17:41:02 IST" skipped="2">
  <testcase classname="testCases.AgentsTest" name="verifyPageIsAgentsPage" time="0.523"/>
  <system-out/>
  <testcase classname="testCases.AgentsTest" name="verifyNullAgentName" time="2.562"/>
  <system-out/>
  <testcase classname="testCases.AgentsTest" name="verifyNullAgentEmail" time="1.616"/>
  <system-out/>
  <testcase classname="testCases.AgentsTest" name="verifyNullAgentMobileNumber" time="2.163"/>
  <system-out/>
  <testcase classname="testCases.AgentsTest" name="verifyNullPassword" time="2.165"/>
  <system-out/>
  <testcase classname="testCases.AgentsTest" name="verifyNullConfirmPassword" time="2.790"/>
  <system-out/>
  <testcase classname="testCases.AgentsTest" name="verifySearchByUserName" time="1.044"/>
  <system-out/>
  <testcase classname="testCases.AgentsTest" name="verifyTotalAgentCountOnPagination" time="2.498"/>
  <system-out/>
  <testcase classname="testCases.AgentsTest" name="verifyNewAgentCreationWithValidData">
    <skipped/>
  </testcase> <!-- verifyNewAgentCreationWithValidData -->
  <system-out/>
  <testcase classname="testCases.AgentsTest" name="verifyDuplicateAgentCreationWithSameEmail">
    <skipped/>
  </testcase> <!-- verifyDuplicateAgentCreationWithSameEmail -->
  <system-out/>
</testsuite> <!-- testCases.AgentsTest -->
