<?xml version="1.0" encoding="UTF-8"?>
<!-- Generated by org.testng.reporters.JUnitReportReporter -->
<testsuite hostname="DESKTOP-QGMO3TS" failures="0" tests="3" name="testCases.DepartmentsTest" time="3.467" errors="0" timestamp="2025-06-20T21:06:09 IST" skipped="0">
  <testcase classname="testCases.DepartmentsTest" name="verifyPageIsDepartmentsPage" time="0.461"/>
  <system-out/>
  <testcase classname="testCases.DepartmentsTest" name="verifyNullDepartmentName" time="1.302"/>
  <system-out/>
  <testcase classname="testCases.DepartmentsTest" name="verifyNullDepartmentDescription" time="1.704"/>
  <system-out/>
</testsuite> <!-- testCases.DepartmentsTest -->
