<?xml version="1.0" encoding="UTF-8"?>
<!-- Generated by org.testng.reporters.JUnitReportReporter -->
<testsuite hostname="DESKTOP-QGMO3TS" failures="0" tests="13" name="testCases.CampaignsTest" time="77.298" errors="0" timestamp="2025-07-09T14:21:47 IST" skipped="0">
  <testcase classname="testCases.CampaignsTest" name="verifyPageIsCampaignPage" time="0.729"/>
  <system-out/>
  <testcase classname="testCases.CampaignsTest" name="verifyNullCampaignName" time="1.625"/>
  <system-out/>
  <testcase classname="testCases.CampaignsTest" name="verifyNullDescription" time="2.358"/>
  <system-out/>
  <testcase classname="testCases.CampaignsTest" name="verifyNullWhatsAppTemplate" time="3.011"/>
  <system-out/>
  <testcase classname="testCases.CampaignsTest" name="verifyNullStatus" time="3.755"/>
  <system-out/>
  <testcase classname="testCases.CampaignsTest" name="verifyNullDepartment" time="5.809"/>
  <system-out/>
  <testcase classname="testCases.CampaignsTest" name="verifyNullGroup_Segment" time="5.775"/>
  <system-out/>
  <testcase classname="testCases.CampaignsTest" name="verifyNullSchedule" time="6.878"/>
  <system-out/>
  <testcase classname="testCases.CampaignsTest" name="verifyNewCampaignCreationWithValidData" time="17.185"/>
  <system-out/>
  <testcase classname="testCases.CampaignsTest" name="verifyEditCampaignByUpdatingName" time="13.567"/>
  <system-out/>
  <testcase classname="testCases.CampaignsTest" name="verifyDeleteCampaign" time="11.672"/>
  <system-out/>
  <testcase classname="testCases.CampaignsTest" name="verifyTotalCampaignCountOnPagination" time="3.269"/>
  <system-out/>
  <testcase classname="testCases.CampaignsTest" name="verifyBrokenLinksOnCampaignPage" time="1.665"/>
  <system-out/>
</testsuite> <!-- testCases.CampaignsTest -->
