<?xml version="1.0" encoding="UTF-8"?>
<!-- Generated by org.testng.reporters.JUnitReportReporter -->
<testsuite hostname="DESKTOP-QGMO3TS" failures="0" tests="6" name="testCases.CRM_SegmentsTest" time="54.802" errors="0" timestamp="2025-07-11T17:00:08 IST" skipped="0">
  <testcase classname="testCases.CRM_SegmentsTest" name="verifyPageIsCRM_UsersPage" time="0.830"/>
  <system-out/>
  <testcase classname="testCases.CRM_SegmentsTest" name="verifyTotalSegmentCountOnPagination" time="3.476"/>
  <system-out/>
  <testcase classname="testCases.CRM_SegmentsTest" name="verifyNullConditionValueOfFilterInSegment" time="3.150"/>
  <system-out/>
  <testcase classname="testCases.CRM_SegmentsTest" name="verifyNewSegmentCreationByNameStartWith" time="17.901"/>
  <system-out/>
  <testcase classname="testCases.CRM_SegmentsTest" name="verifyEditSegmentbyUpdatingName" time="16.166"/>
  <system-out/>
  <testcase classname="testCases.CRM_SegmentsTest" name="verifyDeleteSegmentOfUpdatedName" time="13.279"/>
  <system-out/>
</testsuite> <!-- testCases.CRM_SegmentsTest -->
