<?xml version="1.0" encoding="UTF-8"?>
<!-- Generated by org.testng.reporters.JUnitReportReporter -->
<testsuite hostname="DESKTOP-QGMO3TS" failures="0" tests="1" name="testCases.CRM_UsersTest" time="1.749" errors="0" timestamp="2025-07-03T15:45:20 IST" skipped="0">
  <testcase classname="testCases.CRM_UsersTest" name="verifyPageIsCRM_UsersPage" time="1.749"/>
  <system-out/>
</testsuite> <!-- testCases.CRM_UsersTest -->
