<?xml version="1.0" encoding="UTF-8"?>
<!-- Generated by org.testng.reporters.JUnitReportReporter -->
<testsuite hostname="DESKTOP-QGMO3TS" failures="0" tests="5" name="testCases.DepartmentsTest" time="13.102" errors="0" timestamp="2025-07-11T17:00:08 IST" skipped="0">
  <testcase classname="testCases.DepartmentsTest" name="verifyPageIsDepartmentsPage" time="0.457"/>
  <system-out/>
  <testcase classname="testCases.DepartmentsTest" name="verifyBrokenLinkOfDepartmentsPage" time="6.197"/>
  <system-out/>
  <testcase classname="testCases.DepartmentsTest" name="verifyNullDepartmentName" time="2.114"/>
  <system-out/>
  <testcase classname="testCases.DepartmentsTest" name="verifyNullDepartmentDescription" time="3.115"/>
  <system-out/>
  <testcase classname="testCases.DepartmentsTest" name="verifySearchByDepartmentName" time="1.219"/>
  <system-out/>
</testsuite> <!-- testCases.DepartmentsTest -->
