<?xml version="1.0" encoding="UTF-8"?>
<!-- Generated by org.testng.reporters.JUnitReportReporter -->
<testsuite hostname="DESKTOP-QGMO3TS" failures="0" tests="1" name="testCases.HomeTest" time="0.361" errors="0" timestamp="2025-07-01T14:17:15 IST" skipped="0">
  <testcase classname="testCases.HomeTest" name="verifyHomeCardsVisibility" time="0.361"/>
  <system-out/>
</testsuite> <!-- testCases.HomeTest -->
