<?xml version="1.0" encoding="UTF-8"?>
<!-- Generated by org.testng.reporters.JUnitReportReporter -->
<testsuite hostname="DESKTOP-QGMO3TS" failures="0" tests="4" name="testCases.LoginTest" time="6.621" errors="0" timestamp="2025-07-02T19:17:35 IST" skipped="0">
  <testcase classname="testCases.LoginTest" name="verifyIncorrectCredLogin" time="2.291"/>
  <system-out/>
  <testcase classname="testCases.LoginTest" name="verifyBlankEmailLogin" time="0.534"/>
  <system-out/>
  <testcase classname="testCases.LoginTest" name="verifyBlankPasswordLogin" time="1.337"/>
  <system-out/>
  <testcase classname="testCases.LoginTest" name="verifyCorrectCredLogin" time="2.459"/>
  <system-out/>
</testsuite> <!-- testCases.LoginTest -->
