<?xml version="1.0" encoding="UTF-8"?>
<!-- Generated by org.testng.reporters.JUnitReportReporter -->
<testsuite hostname="DESKTOP-QGMO3TS" failures="0" tests="5" name="testCases.CRM_GroupsTest" time="12.396" errors="0" timestamp="2025-07-02T19:17:35 IST" skipped="2">
  <testcase classname="testCases.CRM_GroupsTest" name="verifyNullGroupName" time="3.284"/>
  <system-out/>
  <testcase classname="testCases.CRM_GroupsTest" name="verifyTotalGroupCountOnPagination" time="5.525"/>
  <system-out/>
  <testcase classname="testCases.CRM_GroupsTest" name="verifySearchByGroupName" time="3.587"/>
  <system-out/>
  <testcase classname="testCases.CRM_GroupsTest" name="verifyDuplicateGroupNameCreation">
    <skipped/>
  </testcase> <!-- verifyDuplicateGroupNameCreation -->
  <system-out/>
  <testcase classname="testCases.CRM_GroupsTest" name="verifyGroupNameCreationWithValidDate">
    <skipped/>
  </testcase> <!-- verifyGroupNameCreationWithValidDate -->
  <system-out/>
</testsuite> <!-- testCases.CRM_GroupsTest -->
