<?xml version="1.0" encoding="UTF-8"?>
<!-- Generated by org.testng.reporters.JUnitReportReporter -->
<testsuite hostname="DESKTOP-QGMO3TS" failures="0" tests="14" name="testCases.CRM_CustomersTest" time="81.403" errors="0" timestamp="2025-07-11T17:00:08 IST" skipped="0">
  <testcase classname="testCases.CRM_CustomersTest" name="verifyPageIsCRM_CustomerPage" time="1.627"/>
  <system-out/>
  <testcase classname="testCases.CRM_CustomersTest" name="verifyBrokenLinksOfCRM_CustomerPage" time="0.730"/>
  <system-out/>
  <testcase classname="testCases.CRM_CustomersTest" name="verifyNullCustomerName" time="1.485"/>
  <system-out/>
  <testcase classname="testCases.CRM_CustomersTest" name="verifyNullMobileNumber" time="1.984"/>
  <system-out/>
  <testcase classname="testCases.CRM_CustomersTest" name="verifyNullHandle" time="2.406"/>
  <system-out/>
  <testcase classname="testCases.CRM_CustomersTest" name="verifyNullEmail" time="2.973"/>
  <system-out/>
  <testcase classname="testCases.CRM_CustomersTest" name="verifyNullDepartment" time="3.132"/>
  <system-out/>
  <testcase classname="testCases.CRM_CustomersTest" name="verifyNewCustomerCreationWithValidData" time="17.275"/>
  <system-out/>
  <testcase classname="testCases.CRM_CustomersTest" name="verifyNewCustomerCreationWithDuplicateHandle" time="15.719"/>
  <system-out/>
  <testcase classname="testCases.CRM_CustomersTest" name="verifyNewCustomerCreationWithDuplicateEmail" time="15.667"/>
  <system-out/>
  <testcase classname="testCases.CRM_CustomersTest" name="verifyTotalCustomerCountOnPagination" time="7.819"/>
  <system-out/>
  <testcase classname="testCases.CRM_CustomersTest" name="verifySearchByCustomerName" time="3.205"/>
  <system-out/>
  <testcase classname="testCases.CRM_CustomersTest" name="verifyNullConditionValueInFilter" time="2.376"/>
  <system-out/>
  <testcase classname="testCases.CRM_CustomersTest" name="verifyFilterBy_Name_Contains" time="5.005"/>
  <system-out/>
</testsuite> <!-- testCases.CRM_CustomersTest -->
