<?xml version="1.0" encoding="UTF-8"?>
<!-- Generated by org.testng.reporters.JUnitReportReporter -->
<testsuite hostname="DESKTOP-QGMO3TS" failures="0" tests="6" name="testCases.CRM_GroupsTest" time="12.331" errors="0" timestamp="2025-07-03T15:47:56 IST" skipped="2">
  <testcase classname="testCases.CRM_GroupsTest" name="verifyPageIsCRM_UsersPage" time="1.292"/>
  <system-out/>
  <testcase classname="testCases.CRM_GroupsTest" name="verifyNullGroupName" time="1.665"/>
  <system-out/>
  <testcase classname="testCases.CRM_GroupsTest" name="verifyTotalGroupCountOnPagination" time="5.721"/>
  <system-out/>
  <testcase classname="testCases.CRM_GroupsTest" name="verifySearchByGroupName" time="3.653"/>
  <system-out/>
  <testcase classname="testCases.CRM_GroupsTest" name="verifyDuplicateGroupNameCreation">
    <skipped/>
  </testcase> <!-- verifyDuplicateGroupNameCreation -->
  <system-out/>
  <testcase classname="testCases.CRM_GroupsTest" name="verifyGroupNameCreationWithValidDate">
    <skipped/>
  </testcase> <!-- verifyGroupNameCreationWithValidDate -->
  <system-out/>
</testsuite> <!-- testCases.CRM_GroupsTest -->
