<?xml version="1.0" encoding="UTF-8"?>
<!-- Generated by org.testng.reporters.JUnitReportReporter -->
<testsuite hostname="DESKTOP-QGMO3TS" failures="0" tests="8" name="testCases.CRM_GroupsTest" time="50.497" errors="0" timestamp="2025-07-11T17:00:08 IST" skipped="0">
  <testcase classname="testCases.CRM_GroupsTest" name="verifyPageIsCRM_UsersPage" time="1.077"/>
  <system-out/>
  <testcase classname="testCases.CRM_GroupsTest" name="verifyTotalGroupCountOnPagination" time="5.775"/>
  <system-out/>
  <testcase classname="testCases.CRM_GroupsTest" name="verifyNullGroupName" time="2.001"/>
  <system-out/>
  <testcase classname="testCases.CRM_GroupsTest" name="verifyGroupNameCreationWithValidDate" time="14.148"/>
  <system-out/>
  <testcase classname="testCases.CRM_GroupsTest" name="verifySearchByGroupName" time="3.622"/>
  <system-out/>
  <testcase classname="testCases.CRM_GroupsTest" name="verifyFilterBy_Name_IsEquals" time="5.314"/>
  <system-out/>
  <testcase classname="testCases.CRM_GroupsTest" name="verifyFilterBy_CompanyWebsite_IsEquals" time="5.254"/>
  <system-out/>
  <testcase classname="testCases.CRM_GroupsTest" name="verifyDeleteGroupOfUpdatedName" time="13.306"/>
  <system-out/>
</testsuite> <!-- testCases.CRM_GroupsTest -->
