<?xml version="1.0" encoding="UTF-8"?>
<!-- Generated by org.testng.reporters.JUnitReportReporter -->
<testsuite hostname="DESKTOP-QGMO3TS" failures="0" tests="3" name="testCases.DepartmentsTest" time="3.518" errors="0" timestamp="2025-06-23T12:10:59 IST" skipped="0">
  <testcase classname="testCases.DepartmentsTest" name="verifyPageIsDepartmentsPage" time="0.517"/>
  <system-out/>
  <testcase classname="testCases.DepartmentsTest" name="verifyNullDepartmentName" time="1.585"/>
  <system-out/>
  <testcase classname="testCases.DepartmentsTest" name="verifyNullDepartmentDescription" time="1.416"/>
  <system-out/>
</testsuite> <!-- testCases.DepartmentsTest -->
