<?xml version="1.0" encoding="UTF-8"?>
<!-- Generated by org.testng.reporters.JUnitReportReporter -->
<testsuite hostname="DESKTOP-QGMO3TS" failures="0" tests="6" name="testCases.WorkflowTest" time="77.451" errors="0" timestamp="2025-06-16T17:54:45 IST" skipped="0">
  <testcase classname="testCases.WorkflowTest" name="verifyMyWorkflowsPage" time="15.909"/>
  <system-out/>
  <testcase classname="testCases.WorkflowTest" name="verifyNullChatBotName" time="1.237"/>
  <system-out/>
  <testcase classname="testCases.WorkflowTest" name="verifyNullDepartmentId" time="1.264"/>
  <system-out/>
  <testcase classname="testCases.WorkflowTest" name="verifyNullProductType" time="12.074"/>
  <system-out/>
  <testcase classname="testCases.WorkflowTest" name="verifyNewWorkflowCreation" time="23.673"/>
  <system-out/>
  <testcase classname="testCases.WorkflowTest" name="verifyDuplicateWorkflowCreation" time="23.294"/>
  <system-out/>
</testsuite> <!-- testCases.WorkflowTest -->
