<?xml version="1.0" encoding="UTF-8"?>
<!-- Generated by org.testng.reporters.JUnitReportReporter -->
<testsuite hostname="Ezeiatech" failures="0" tests="1" name="testCases.LoginTest" time="0.489" errors="0" timestamp="2025-06-11T16:27:09 IST" skipped="0">
  <testcase classname="testCases.LoginTest" name="verifyCorrectLogin" time="0.489"/>
</testsuite> <!-- testCases.LoginTest -->
