<?xml version="1.0" encoding="UTF-8"?>
<!-- Generated by org.testng.reporters.JUnitReportReporter -->
<testsuite hostname="DESKTOP-QGMO3TS" failures="0" tests="6" name="testCases.CRM_SegmentsTest" time="52.825" errors="0" timestamp="2025-07-04T17:47:29 IST" skipped="0">
  <testcase classname="testCases.CRM_SegmentsTest" name="verifyPageIsCRM_UsersPage" time="0.600"/>
  <system-out/>
  <testcase classname="testCases.CRM_SegmentsTest" name="verifyNullConditionValueOfFilterInSegment" time="2.336"/>
  <system-out/>
  <testcase classname="testCases.CRM_SegmentsTest" name="verifyTotalSegmentCountOnPagination" time="3.843"/>
  <system-out/>
  <testcase classname="testCases.CRM_SegmentsTest" name="verifyNewSegmentCreationByNameStartWith" time="17.255"/>
  <system-out/>
  <testcase classname="testCases.CRM_SegmentsTest" name="verifyEditSegmentbyUpdatingName" time="15.382"/>
  <system-out/>
  <testcase classname="testCases.CRM_SegmentsTest" name="verifyDeleteSegmentOfUpdatedName" time="13.409"/>
  <system-out/>
</testsuite> <!-- testCases.CRM_SegmentsTest -->
