<?xml version="1.0" encoding="UTF-8"?>
<!-- Generated by org.testng.reporters.JUnitReportReporter -->
<testsuite hostname="DESKTOP-QGMO3TS" failures="0" tests="2" name="testCases.WorkflowTest" time="64.789" errors="0" timestamp="2025-06-12T22:37:42 IST" skipped="0">
  <testcase classname="testCases.WorkflowTest" name="verifyMyWorkflowsPage" time="63.444"/>
  <system-out/>
  <testcase classname="testCases.WorkflowTest" name="verifyNewWorkflowCreation" time="1.345"/>
  <system-out/>
</testsuite> <!-- testCases.WorkflowTest -->
