<?xml version="1.0" encoding="UTF-8"?>
<!-- Generated by org.testng.reporters.JUnitReportReporter -->
<testsuite hostname="DESKTOP-QGMO3TS" failures="0" tests="4" name="testCases.LoginTest" time="7.408" errors="0" timestamp="2025-07-03T18:28:06 IST" skipped="0">
  <testcase classname="testCases.LoginTest" name="verifyIncorrectCredLogin" time="2.406"/>
  <system-out/>
  <testcase classname="testCases.LoginTest" name="verifyBlankEmailLogin" time="0.728"/>
  <system-out/>
  <testcase classname="testCases.LoginTest" name="verifyBlankPasswordLogin" time="1.742"/>
  <system-out/>
  <testcase classname="testCases.LoginTest" name="verifyCorrectCredLogin" time="2.532"/>
  <system-out/>
</testsuite> <!-- testCases.LoginTest -->
