<?xml version="1.0" encoding="UTF-8"?>
<!-- Generated by org.testng.reporters.JUnitReportReporter -->
<testsuite hostname="DESKTOP-QGMO3TS" failures="0" tests="8" name="testCases.CRM_GroupsTest" time="53.236" errors="0" timestamp="2025-07-04T18:42:11 IST" skipped="0">
  <testcase classname="testCases.CRM_GroupsTest" name="verifyPageIsCRM_UsersPage" time="1.370"/>
  <system-out/>
  <testcase classname="testCases.CRM_GroupsTest" name="verifyNullGroupName" time="1.967"/>
  <system-out/>
  <testcase classname="testCases.CRM_GroupsTest" name="verifyTotalGroupCountOnPagination" time="5.539"/>
  <system-out/>
  <testcase classname="testCases.CRM_GroupsTest" name="verifyGroupNameCreationWithValidDate" time="13.121"/>
  <system-out/>
  <testcase classname="testCases.CRM_GroupsTest" name="verifySearchByGroupName" time="4.072"/>
  <system-out/>
  <testcase classname="testCases.CRM_GroupsTest" name="verifyFilterBy_Name_IsEquals" time="6.427"/>
  <system-out/>
  <testcase classname="testCases.CRM_GroupsTest" name="verifyFilterBy_CompanyWebsite_IsEquals" time="6.258"/>
  <system-out/>
  <testcase classname="testCases.CRM_GroupsTest" name="verifyDeleteGroupOfUpdatedName" time="14.482"/>
  <system-out/>
</testsuite> <!-- testCases.CRM_GroupsTest -->
