<?xml version="1.0" encoding="UTF-8"?>
<!-- Generated by org.testng.reporters.JUnitReportReporter -->
<testsuite hostname="Ezeiatech" failures="0" tests="4" name="testCases.LoginTest" time="6.934" errors="0" timestamp="2025-06-12T15:28:26 IST" skipped="0">
  <testcase classname="testCases.LoginTest" name="verifyIncorrectCredLogin" time="2.861"/>
  <testcase classname="testCases.LoginTest" name="verifyBlankEmailLogin" time="0.548"/>
  <testcase classname="testCases.LoginTest" name="verifyBlankPasswordLogin" time="1.163"/>
  <testcase classname="testCases.LoginTest" name="verifyCorrectCredLogin" time="2.362"/>
</testsuite> <!-- testCases.LoginTest -->
