<?xml version="1.0" encoding="UTF-8"?>
<!-- Generated by org.testng.reporters.JUnitReportReporter -->
<testsuite hostname="DESKTOP-QGMO3TS" failures="0" tests="1" name="testCases.LoginTest" time="0.898" errors="0" timestamp="2025-06-10T14:49:19 IST" skipped="0">
  <testcase classname="testCases.LoginTest" name="verifyCorrectLogin" time="0.898"/>
  <system-out/>
</testsuite> <!-- testCases.LoginTest -->
