<?xml version="1.0" encoding="UTF-8"?>
<!-- Generated by org.testng.reporters.JUnitReportReporter -->
<testsuite hostname="DESKTOP-QGMO3TS" failures="0" tests="1" name="testCases.HomeTest" time="0.246" errors="0" timestamp="2025-07-02T19:17:35 IST" skipped="0">
  <testcase classname="testCases.HomeTest" name="verifyHomeCardsVisibility" time="0.246"/>
  <system-out/>
</testsuite> <!-- testCases.HomeTest -->
