<?xml version="1.0" encoding="UTF-8"?>
<!-- Generated by org.testng.reporters.JUnitReportReporter -->
<testsuite hostname="DESKTOP-QGMO3TS" failures="0" tests="2" name="testCases.CRMTest" time="17.187" errors="0" timestamp="2025-06-26T18:02:25 IST" skipped="0">
  <testcase classname="testCases.CRMTest" name="verifyPageIsCRMPage" time="1.322"/>
  <system-out/>
  <testcase classname="testCases.CRMTest" name="verifyDownloadSampleCSV" time="15.865"/>
  <system-out/>
</testsuite> <!-- testCases.CRMTest -->
