<?xml version="1.0" encoding="UTF-8"?>
<!-- Generated by org.testng.reporters.JUnitReportReporter -->
<testsuite hostname="DESKTOP-QGMO3TS" failures="0" tests="1" name="testCases.HomeTest" time="0.505" errors="0" timestamp="2025-06-12T22:37:42 IST" skipped="0">
  <testcase classname="testCases.HomeTest" name="verifyHomeCardsVisibility" time="0.505"/>
  <system-out/>
</testsuite> <!-- testCases.HomeTest -->
