<?xml version="1.0" encoding="UTF-8"?>
<!-- Generated by org.testng.reporters.JUnitReportReporter -->
<testsuite hostname="DESKTOP-QGMO3TS" failures="0" tests="13" name="testCases.CampaignsTest" time="73.492" errors="0" timestamp="2025-07-11T16:21:25 IST" skipped="0">
  <testcase classname="testCases.CampaignsTest" name="verifyPageIsCampaignPage" time="0.883"/>
  <system-out/>
  <testcase classname="testCases.CampaignsTest" name="verifyNullCampaignName" time="1.718"/>
  <system-out/>
  <testcase classname="testCases.CampaignsTest" name="verifyNullDescription" time="2.289"/>
  <system-out/>
  <testcase classname="testCases.CampaignsTest" name="verifyNullWhatsAppTemplate" time="3.506"/>
  <system-out/>
  <testcase classname="testCases.CampaignsTest" name="verifyNullStatus" time="3.468"/>
  <system-out/>
  <testcase classname="testCases.CampaignsTest" name="verifyNullDepartment" time="4.065"/>
  <system-out/>
  <testcase classname="testCases.CampaignsTest" name="verifyNullGroup_Segment" time="4.820"/>
  <system-out/>
  <testcase classname="testCases.CampaignsTest" name="verifyNullSchedule" time="6.656"/>
  <system-out/>
  <testcase classname="testCases.CampaignsTest" name="verifyNewCampaignCreationWithValidData" time="16.681"/>
  <system-out/>
  <testcase classname="testCases.CampaignsTest" name="verifyEditCampaignByUpdatingName" time="12.850"/>
  <system-out/>
  <testcase classname="testCases.CampaignsTest" name="verifyDeleteCampaign" time="11.978"/>
  <system-out/>
  <testcase classname="testCases.CampaignsTest" name="verifyTotalCampaignCountOnPagination" time="2.952"/>
  <system-out/>
  <testcase classname="testCases.CampaignsTest" name="verifyBrokenLinksOnCampaignPage" time="1.626"/>
  <system-out/>
</testsuite> <!-- testCases.CampaignsTest -->
