<?xml version="1.0" encoding="UTF-8"?>
<!-- Generated by org.testng.reporters.JUnitReportReporter -->
<testsuite hostname="DESKTOP-QGMO3TS" failures="0" tests="10" name="testCases.AgentsTest" time="42.976" errors="0" timestamp="2025-07-11T17:00:08 IST" skipped="0">
  <testcase classname="testCases.AgentsTest" name="verifyPageIsAgentsPage" time="0.729"/>
  <system-out/>
  <testcase classname="testCases.AgentsTest" name="verifyBrokenLinksOfAgentsPage" time="5.911"/>
  <system-out/>
  <testcase classname="testCases.AgentsTest" name="verifyNullAgentName" time="1.419"/>
  <system-out/>
  <testcase classname="testCases.AgentsTest" name="verifyNullDepartmentName" time="1.990"/>
  <system-out/>
  <testcase classname="testCases.AgentsTest" name="verifyNullAgentEmail" time="2.476"/>
  <system-out/>
  <testcase classname="testCases.AgentsTest" name="verifyNullAgentMobileNumber" time="2.777"/>
  <system-out/>
  <testcase classname="testCases.AgentsTest" name="verifyNullPassword" time="3.270"/>
  <system-out/>
  <testcase classname="testCases.AgentsTest" name="verifyNullConfirmPassword" time="3.630"/>
  <system-out/>
  <testcase classname="testCases.AgentsTest" name="verifyNewAgentCreationWithValidData" time="15.262"/>
  <system-out/>
  <testcase classname="testCases.AgentsTest" name="verifyTotalAgentCountOnPagination" time="5.512"/>
  <system-out/>
</testsuite> <!-- testCases.AgentsTest -->
