<?xml version="1.0" encoding="UTF-8"?>
<!-- Generated by org.testng.reporters.JUnitReportReporter -->
<testsuite hostname="DESKTOP-QGMO3TS" failures="0" tests="6" name="testCases.CRM_SegmentsTest" time="56.876" errors="0" timestamp="2025-07-11T16:21:25 IST" skipped="0">
  <testcase classname="testCases.CRM_SegmentsTest" name="verifyPageIsCRM_UsersPage" time="0.851"/>
  <system-out/>
  <testcase classname="testCases.CRM_SegmentsTest" name="verifyTotalSegmentCountOnPagination" time="3.356"/>
  <system-out/>
  <testcase classname="testCases.CRM_SegmentsTest" name="verifyNullConditionValueOfFilterInSegment" time="4.119"/>
  <system-out/>
  <testcase classname="testCases.CRM_SegmentsTest" name="verifyNewSegmentCreationByNameStartWith" time="17.547"/>
  <system-out/>
  <testcase classname="testCases.CRM_SegmentsTest" name="verifyEditSegmentbyUpdatingName" time="16.656"/>
  <system-out/>
  <testcase classname="testCases.CRM_SegmentsTest" name="verifyDeleteSegmentOfUpdatedName" time="14.347"/>
  <system-out/>
</testsuite> <!-- testCases.CRM_SegmentsTest -->
