<?xml version="1.0" encoding="UTF-8"?>
<!-- Generated by org.testng.reporters.JUnitReportReporter -->
<testsuite hostname="DESKTOP-QGMO3TS" failures="0" tests="4" name="testCases.LoginTest" time="7.525" errors="0" timestamp="2025-06-17T00:14:13 IST" skipped="0">
  <testcase classname="testCases.LoginTest" name="verifyIncorrectCredLogin" time="2.695"/>
  <system-out/>
  <testcase classname="testCases.LoginTest" name="verifyBlankEmailLogin" time="0.666"/>
  <system-out/>
  <testcase classname="testCases.LoginTest" name="verifyBlankPasswordLogin" time="1.725"/>
  <system-out/>
  <testcase classname="testCases.LoginTest" name="verifyCorrectCredLogin" time="2.439"/>
  <system-out/>
</testsuite> <!-- testCases.LoginTest -->
