<?xml version="1.0" encoding="UTF-8"?>
<!-- Generated by org.testng.reporters.JUnitReportReporter -->
<testsuite hostname="DESKTOP-QGMO3TS" failures="0" tests="7" name="testCases.WorkflowTest" time="110.781" errors="0" timestamp="2025-06-17T00:14:13 IST" skipped="0">
  <testcase classname="testCases.WorkflowTest" name="verifyMyWorkflowsPage" time="45.587"/>
  <system-out/>
  <testcase classname="testCases.WorkflowTest" name="verifyNullChatBotName" time="1.460"/>
  <system-out/>
  <testcase classname="testCases.WorkflowTest" name="verifyNullDepartmentId" time="1.725"/>
  <system-out/>
  <testcase classname="testCases.WorkflowTest" name="verifyNullProductType" time="12.400"/>
  <system-out/>
  <testcase classname="testCases.WorkflowTest" name="verifyNewWorkflowCreation" time="24.478"/>
  <system-out/>
  <testcase classname="testCases.WorkflowTest" name="verifyDuplicateWorkflowCreation" time="23.802"/>
  <system-out/>
  <testcase classname="testCases.WorkflowTest" name="verifyResumeWorkflowWithoutNode" time="1.329"/>
  <system-out/>
</testsuite> <!-- testCases.WorkflowTest -->
