<?xml version="1.0" encoding="UTF-8"?>
<!-- Generated by org.testng.reporters.JUnitReportReporter -->
<<<<<<< HEAD
<testsuite hostname="Ezeiatech" failures="0" tests="4" name="testCases.LoginTest" time="6.934" errors="0" timestamp="2025-06-12T15:28:26 IST" skipped="0">
  <testcase classname="testCases.LoginTest" name="verifyIncorrectCredLogin" time="2.861"/>
  <testcase classname="testCases.LoginTest" name="verifyBlankEmailLogin" time="0.548"/>
  <testcase classname="testCases.LoginTest" name="verifyBlankPasswordLogin" time="1.163"/>
  <testcase classname="testCases.LoginTest" name="verifyCorrectCredLogin" time="2.362"/>
=======
<testsuite hostname="DESKTOP-QGMO3TS" failures="0" tests="4" name="testCases.LoginTest" time="6.467" errors="0" timestamp="2025-06-12T11:38:18 IST" skipped="0">
  <testcase classname="testCases.LoginTest" name="verifyIncorrectCredLogin" time="2.636"/>
  <system-out/>
  <testcase classname="testCases.LoginTest" name="verifyBlankEmailLogin" time="0.521"/>
  <system-out/>
  <testcase classname="testCases.LoginTest" name="verifyBlankPasswordLogin" time="1.196"/>
  <system-out/>
  <testcase classname="testCases.LoginTest" name="verifyCorrectCredLogin" time="2.114"/>
  <system-out/>
>>>>>>> 985570c8083ae10558c1f9adada687951e963480
</testsuite> <!-- testCases.LoginTest -->
