<?xml version="1.0" encoding="UTF-8"?>
<!-- Generated by org.testng.reporters.JUnitReportReporter -->
<testsuite hostname="DESKTOP-QGMO3TS" failures="0" tests="9" name="testCases.WorkflowTest" time="174.707" errors="0" timestamp="2025-07-11T17:00:08 IST" skipped="0">
  <testcase classname="testCases.WorkflowTest" name="verifyPageIsMyWorkflowPage" time="58.798"/>
  <system-out/>
  <testcase classname="testCases.WorkflowTest" name="verifyNullChatBotName" time="1.651"/>
  <system-out/>
  <testcase classname="testCases.WorkflowTest" name="verifyNullDepartmentId" time="2.021"/>
  <system-out/>
  <testcase classname="testCases.WorkflowTest" name="verifyNullProductType" time="12.079"/>
  <system-out/>
  <testcase classname="testCases.WorkflowTest" name="verifyNewWorkflowCreation" time="25.215"/>
  <system-out/>
  <testcase classname="testCases.WorkflowTest" name="verifyDuplicateWorkflowCreation" time="35.443"/>
  <system-out/>
  <testcase classname="testCases.WorkflowTest" name="verifyResumeWorkflowWithoutNode" time="12.558"/>
  <system-out/>
  <testcase classname="testCases.WorkflowTest" name="verifyEditWorkflowOnlyName" time="13.827"/>
  <system-out/>
  <testcase classname="testCases.WorkflowTest" name="verifyDeleteWorkflowByName" time="13.115"/>
  <system-out/>
</testsuite> <!-- testCases.WorkflowTest -->
