<?xml version="1.0" encoding="UTF-8"?>
<!-- Generated by org.testng.reporters.JUnitReportReporter -->
<testsuite hostname="DESKTOP-QGMO3TS" failures="0" tests="2" name="testCases.HomeTest" time="3.513" errors="0" timestamp="2025-07-10T11:27:07 IST" skipped="0">
  <testcase classname="testCases.HomeTest" name="verifyHomeCardsVisibility" time="0.116"/>
  <system-out/>
  <testcase classname="testCases.HomeTest" name="verifyBrokenLinksOfHomePage" time="3.397"/>
  <system-out/>
</testsuite> <!-- testCases.HomeTest -->
