<?xml version="1.0" encoding="UTF-8"?>
<!-- Generated by org.testng.reporters.JUnitReportReporter -->
<testsuite hostname="DESKTOP-QGMO3TS" failures="0" tests="3" name="testCases.CRM_SegmentsTest" time="20.624" errors="0" timestamp="2025-07-03T18:28:06 IST" skipped="0">
  <testcase classname="testCases.CRM_SegmentsTest" name="verifyPageIsCRM_UsersPage" time="1.256"/>
  <system-out/>
  <testcase classname="testCases.CRM_SegmentsTest" name="verifyNullConditionValueOfFilterInSegment" time="3.761"/>
  <system-out/>
  <testcase classname="testCases.CRM_SegmentsTest" name="verifyNewSegmentCreation" time="15.607"/>
  <system-out/>
</testsuite> <!-- testCases.CRM_SegmentsTest -->
