<?xml version="1.0" encoding="UTF-8"?>
<!-- Generated by org.testng.reporters.JUnitReportReporter -->
<testsuite hostname="DESKTOP-QGMO3TS" failures="0" tests="12" name="testCases.CampaignsTest" time="66.484" errors="0" timestamp="2025-07-08T17:37:40 IST" skipped="0">
  <testcase classname="testCases.CampaignsTest" name="verifyPageIsCampaignPage" time="1.125"/>
  <system-out/>
  <testcase classname="testCases.CampaignsTest" name="verifyNullCampaignName" time="2.279"/>
  <system-out/>
  <testcase classname="testCases.CampaignsTest" name="verifyNullDescription" time="1.909"/>
  <system-out/>
  <testcase classname="testCases.CampaignsTest" name="verifyNullWhatsAppTemplate" time="2.574"/>
  <system-out/>
  <testcase classname="testCases.CampaignsTest" name="verifyNullStatus" time="2.979"/>
  <system-out/>
  <testcase classname="testCases.CampaignsTest" name="verifyNullDepartment" time="3.540"/>
  <system-out/>
  <testcase classname="testCases.CampaignsTest" name="verifyNullGroup_Segment" time="4.072"/>
  <system-out/>
  <testcase classname="testCases.CampaignsTest" name="verifyNullSchedule" time="5.173"/>
  <system-out/>
  <testcase classname="testCases.CampaignsTest" name="verifyNewCampaignCreationWithValidData" time="16.015"/>
  <system-out/>
  <testcase classname="testCases.CampaignsTest" name="verifyEditCampaignByUpdatingName" time="12.523"/>
  <system-out/>
  <testcase classname="testCases.CampaignsTest" name="verifyDeleteCampaign" time="11.336"/>
  <system-out/>
  <testcase classname="testCases.CampaignsTest" name="verifyTotalCampaignCountOnPagination" time="2.959"/>
  <system-out/>
</testsuite> <!-- testCases.CampaignsTest -->
