<?xml version="1.0" encoding="UTF-8"?>
<!-- Generated by org.testng.reporters.JUnitReportReporter -->
<<<<<<< HEAD
<testsuite hostname="Ezeiatech" failures="0" tests="1" name="testCases.LoginTest" time="0.489" errors="0" timestamp="2025-06-11T16:27:09 IST" skipped="0">
  <testcase classname="testCases.LoginTest" name="verifyCorrectLogin" time="0.489"/>
=======
<testsuite hostname="DESKTOP-QGMO3TS" failures="0" tests="1" name="testCases.LoginTest" time="2.590" errors="0" timestamp="2025-06-11T16:27:05 IST" skipped="0">
  <testcase classname="testCases.LoginTest" name="verifyCorrectLogin" time="2.590"/>
  <system-out/>
>>>>>>> f70a29d3803beadce36eac214b2ff5acd91a82b8
</testsuite> <!-- testCases.LoginTest -->
