<?xml version="1.0" encoding="UTF-8"?>
<!-- Generated by org.testng.reporters.JUnitReportReporter -->
<testsuite hostname="Ezeiatech" failures="0" tests="4" name="OdioBot_LoginTC.LoginTest" time="12.559" errors="0" timestamp="2025-06-11T21:41:54 IST" skipped="0">
  <testcase classname="OdioBot_LoginTC.LoginTest" name="getTitle_odio" time="0.036"/>
  <testcase classname="OdioBot_LoginTC.LoginTest" name="getuserpass_odio" time="8.914"/>
  <testcase classname="OdioBot_LoginTC.LoginTest" name="gethoversidebar" time="3.267"/>
  <testcase classname="OdioBot_LoginTC.LoginTest" name="wfclick" time="0.342"/>
</testsuite> <!-- OdioBot_LoginTC.LoginTest -->
