<?xml version="1.0" encoding="UTF-8"?>
<!-- Generated by org.testng.reporters.JUnitReportReporter -->
<testsuite hostname="DESKTOP-QGMO3TS" failures="0" tests="2" name="testCases.HomeTest" time="6.580" errors="0" timestamp="2025-07-09T21:56:12 IST" skipped="0">
  <testcase classname="testCases.HomeTest" name="verifyHomeCardsVisibility" time="0.202"/>
  <system-out/>
  <testcase classname="testCases.HomeTest" name="verifyBrokenLinksOfHomePage" time="6.378"/>
  <system-out/>
</testsuite> <!-- testCases.HomeTest -->
