<?xml version="1.0" encoding="UTF-8"?>
<!-- Generated by org.testng.reporters.JUnitReportReporter -->
<testsuite hostname="DESKTOP-QGMO3TS" failures="0" tests="12" name="testCases.AgentsTest" time="23.120" errors="0" timestamp="2025-06-25T14:05:34 IST" skipped="2">
  <testcase classname="testCases.AgentsTest" name="verifyPageIsAgentsPage" time="1.126"/>
  <system-out/>
  <testcase classname="testCases.AgentsTest" name="verifyNullAgentName" time="1.594"/>
  <system-out/>
  <testcase classname="testCases.AgentsTest" name="verifyNullAgentEmail" time="1.874"/>
  <system-out/>
  <testcase classname="testCases.AgentsTest" name="verifyNullAgentMobileNumber" time="2.445"/>
  <system-out/>
  <testcase classname="testCases.AgentsTest" name="verifyNullPassword" time="2.706"/>
  <system-out/>
  <testcase classname="testCases.AgentsTest" name="verifyNullConfirmPassword" time="3.119"/>
  <system-out/>
  <testcase classname="testCases.AgentsTest" name="verifySearchByUserName" time="1.347"/>
  <system-out/>
  <testcase classname="testCases.AgentsTest" name="verifyTotalAgentCountOnPagination" time="5.588"/>
  <system-out/>
  <testcase classname="testCases.AgentsTest" name="verifyEditAgentbyUpdatingName" time="2.093"/>
  <system-out/>
  <testcase classname="testCases.AgentsTest" name="verifyDeleteSpecificAgent" time="1.228"/>
  <system-out/>
  <testcase classname="testCases.AgentsTest" name="verifyNewAgentCreationWithValidData">
    <skipped/>
  </testcase> <!-- verifyNewAgentCreationWithValidData -->
  <system-out/>
  <testcase classname="testCases.AgentsTest" name="verifyDuplicateAgentCreationWithSameEmail">
    <skipped/>
  </testcase> <!-- verifyDuplicateAgentCreationWithSameEmail -->
  <system-out/>
</testsuite> <!-- testCases.AgentsTest -->
